

Started GET "/" for ::1 at 2016-01-13 14:11:56 -0500
Processing by Rails::WelcomeController#index as HTML
  Rendered /Users/jasonamerine/.rvm/gems/ruby-2.2.1/gems/railties-4.2.5/lib/rails/templates/rails/welcome/index.html.erb (3.7ms)
Completed 200 OK in 75ms (Views: 55.3ms | ActiveRecord: 0.0ms)


Started GET "/" for ::1 at 2016-01-13 14:22:36 -0500
Processing by Rails::WelcomeController#index as HTML
  Rendered /Users/jasonamerine/.rvm/gems/ruby-2.2.1/gems/railties-4.2.5/lib/rails/templates/rails/welcome/index.html.erb (2.5ms)
Completed 200 OK in 52ms (Views: 35.4ms | ActiveRecord: 0.0ms)


Started GET "/" for ::1 at 2016-01-13 14:22:49 -0500
Processing by Rails::WelcomeController#index as HTML
  Rendered /Users/jasonamerine/.rvm/gems/ruby-2.2.1/gems/railties-4.2.5/lib/rails/templates/rails/welcome/index.html.erb (0.1ms)
Completed 200 OK in 69ms (Views: 68.5ms | ActiveRecord: 0.0ms)


Started GET "/welcome/index" for ::1 at 2016-01-13 15:54:56 -0500
Processing by WelcomeController#index as HTML
  Rendered welcome/index.html.erb within layouts/application (3.4ms)
Completed 200 OK in 2379ms (Views: 2340.9ms | ActiveRecord: 0.0ms)


Started GET "/assets/welcome.self-e3b0c44298fc1c149afbf4c8996fb92427ae41e4649b934ca495991b7852b855.css?body=1" for ::1 at 2016-01-13 15:54:59 -0500


Started GET "/assets/application.self-e80e8f2318043e8af94dddc2adad5a4f09739a8ebb323b3ab31cd71d45fd9113.css?body=1" for ::1 at 2016-01-13 15:54:59 -0500


Started GET "/assets/jquery_ujs.self-d602bdfe68ffc63b9f9cc512872aa3cfff046228a0a36e90dd476e8ef54c1b09.js?body=1" for ::1 at 2016-01-13 15:54:59 -0500


Started GET "/assets/turbolinks.self-c37727e9bd6b2735da5c311aa83fead54ed0be6cc8bd9a65309e9c5abe2cbfff.js?body=1" for ::1 at 2016-01-13 15:54:59 -0500


Started GET "/assets/jquery.self-c64a74367bda6ef8b860f19e74df08927ca99d2be2ac934e9e92d5fd361e0da4.js?body=1" for ::1 at 2016-01-13 15:54:59 -0500


Started GET "/assets/application.self-3b8dabdc891efe46b9a144b400ad69e37d7e5876bdc39dee783419a69d7ca819.js?body=1" for ::1 at 2016-01-13 15:54:59 -0500


Started GET "/assets/welcome.self-877aef30ae1b040ab8a3aba4e3e309a11d7f2612f44dde450b5c157aa5f95c05.js?body=1" for ::1 at 2016-01-13 15:54:59 -0500


Started GET "/welcome/about" for ::1 at 2016-01-13 15:55:07 -0500
Processing by WelcomeController#about as HTML
  Rendered welcome/about.html.erb within layouts/application (0.4ms)
Completed 200 OK in 24ms (Views: 23.3ms | ActiveRecord: 0.0ms)


Started GET "/welcome/about" for ::1 at 2016-01-13 16:00:10 -0500

ActionController::RoutingError (No route matches [GET] "/welcome/about"):
  actionpack (4.2.5) lib/action_dispatch/middleware/debug_exceptions.rb:21:in `call'
  actionpack (4.2.5) lib/action_dispatch/middleware/show_exceptions.rb:30:in `call'
  railties (4.2.5) lib/rails/rack/logger.rb:38:in `call_app'
  railties (4.2.5) lib/rails/rack/logger.rb:20:in `block in call'
  activesupport (4.2.5) lib/active_support/tagged_logging.rb:68:in `block in tagged'
  activesupport (4.2.5) lib/active_support/tagged_logging.rb:26:in `tagged'
  activesupport (4.2.5) lib/active_support/tagged_logging.rb:68:in `tagged'
  railties (4.2.5) lib/rails/rack/logger.rb:20:in `call'
  actionpack (4.2.5) lib/action_dispatch/middleware/request_id.rb:21:in `call'
  rack (1.6.4) lib/rack/methodoverride.rb:22:in `call'
  rack (1.6.4) lib/rack/runtime.rb:18:in `call'
  activesupport (4.2.5) lib/active_support/cache/strategy/local_cache_middleware.rb:28:in `call'
  rack (1.6.4) lib/rack/lock.rb:17:in `call'
  actionpack (4.2.5) lib/action_dispatch/middleware/static.rb:116:in `call'
  rack (1.6.4) lib/rack/sendfile.rb:113:in `call'
  railties (4.2.5) lib/rails/engine.rb:518:in `call'
  railties (4.2.5) lib/rails/application.rb:165:in `call'
  rack (1.6.4) lib/rack/lock.rb:17:in `call'
  rack (1.6.4) lib/rack/content_length.rb:15:in `call'
  rack (1.6.4) lib/rack/handler/webrick.rb:88:in `service'
  /Users/jasonamerine/.rbenv/versions/2.2.2/lib/ruby/2.2.0/webrick/httpserver.rb:138:in `service'
  /Users/jasonamerine/.rbenv/versions/2.2.2/lib/ruby/2.2.0/webrick/httpserver.rb:94:in `run'
  /Users/jasonamerine/.rbenv/versions/2.2.2/lib/ruby/2.2.0/webrick/server.rb:294:in `block in start_thread'


  Rendered /Users/jasonamerine/.rvm/gems/ruby-2.2.1/gems/actionpack-4.2.5/lib/action_dispatch/middleware/templates/rescues/_trace.html.erb (2.9ms)
  Rendered /Users/jasonamerine/.rvm/gems/ruby-2.2.1/gems/actionpack-4.2.5/lib/action_dispatch/middleware/templates/routes/_table.html.erb (48.1ms)
  Rendered /Users/jasonamerine/.rvm/gems/ruby-2.2.1/gems/actionpack-4.2.5/lib/action_dispatch/middleware/templates/rescues/_request_and_response.html.erb (44.5ms)
  Rendered /Users/jasonamerine/.rvm/gems/ruby-2.2.1/gems/actionpack-4.2.5/lib/action_dispatch/middleware/templates/rescues/routing_error.html.erb within rescues/layout (179.3ms)


Started GET "/" for ::1 at 2016-01-13 17:28:41 -0500
Processing by WelcomeController#index as HTML
  Rendered welcome/index.html.erb within layouts/application (26.6ms)
Completed 200 OK in 585ms (Views: 560.4ms | ActiveRecord: 0.0ms)


Started GET "/assets/application.self-e80e8f2318043e8af94dddc2adad5a4f09739a8ebb323b3ab31cd71d45fd9113.css?body=1" for ::1 at 2016-01-13 17:28:42 -0500


Started GET "/assets/welcome.self-e3b0c44298fc1c149afbf4c8996fb92427ae41e4649b934ca495991b7852b855.css?body=1" for ::1 at 2016-01-13 17:28:42 -0500


Started GET "/assets/turbolinks.self-c37727e9bd6b2735da5c311aa83fead54ed0be6cc8bd9a65309e9c5abe2cbfff.js?body=1" for ::1 at 2016-01-13 17:28:42 -0500


Started GET "/assets/jquery.self-c64a74367bda6ef8b860f19e74df08927ca99d2be2ac934e9e92d5fd361e0da4.js?body=1" for ::1 at 2016-01-13 17:28:42 -0500


Started GET "/assets/jquery_ujs.self-d602bdfe68ffc63b9f9cc512872aa3cfff046228a0a36e90dd476e8ef54c1b09.js?body=1" for ::1 at 2016-01-13 17:28:42 -0500


Started GET "/assets/welcome.self-877aef30ae1b040ab8a3aba4e3e309a11d7f2612f44dde450b5c157aa5f95c05.js?body=1" for ::1 at 2016-01-13 17:28:42 -0500


Started GET "/assets/application.self-3b8dabdc891efe46b9a144b400ad69e37d7e5876bdc39dee783419a69d7ca819.js?body=1" for ::1 at 2016-01-13 17:28:42 -0500


Started GET "/" for ::1 at 2016-01-13 17:29:16 -0500
Processing by WelcomeController#index as HTML
  Rendered welcome/index.html.erb within layouts/application (0.1ms)
Completed 200 OK in 134ms (Views: 130.8ms | ActiveRecord: 0.0ms)


Started GET "/assets/jquery_ujs.self-d602bdfe68ffc63b9f9cc512872aa3cfff046228a0a36e90dd476e8ef54c1b09.js?body=1" for ::1 at 2016-01-13 17:29:16 -0500


Started GET "/assets/welcome.self-e6ba8bb210a060346a84d441b5aaf8bfcaf159d2e4f9e09d2ebd3dd9fe26a170.css?body=1" for ::1 at 2016-01-13 17:29:16 -0500


Started GET "/assets/application.self-e80e8f2318043e8af94dddc2adad5a4f09739a8ebb323b3ab31cd71d45fd9113.css?body=1" for ::1 at 2016-01-13 17:29:16 -0500


Started GET "/assets/jquery.self-c64a74367bda6ef8b860f19e74df08927ca99d2be2ac934e9e92d5fd361e0da4.js?body=1" for ::1 at 2016-01-13 17:29:16 -0500


Started GET "/assets/welcome.self-877aef30ae1b040ab8a3aba4e3e309a11d7f2612f44dde450b5c157aa5f95c05.js?body=1" for ::1 at 2016-01-13 17:29:16 -0500


Started GET "/assets/turbolinks.self-c37727e9bd6b2735da5c311aa83fead54ed0be6cc8bd9a65309e9c5abe2cbfff.js?body=1" for ::1 at 2016-01-13 17:29:16 -0500


Started GET "/assets/application.self-3b8dabdc891efe46b9a144b400ad69e37d7e5876bdc39dee783419a69d7ca819.js?body=1" for ::1 at 2016-01-13 17:29:16 -0500


Started GET "/" for ::1 at 2016-01-13 17:40:15 -0500
Processing by WelcomeController#index as HTML
  Rendered welcome/index.html.erb within layouts/application (0.7ms)
Completed 200 OK in 273ms (Views: 272.9ms | ActiveRecord: 0.0ms)


Started GET "/assets/welcome.self-2138d1bc9543e7654524b39e2b639568e1d730bf76596347116ba6a7102f031d.css?body=1" for ::1 at 2016-01-13 17:40:15 -0500


Started GET "/assets/jquery.self-c64a74367bda6ef8b860f19e74df08927ca99d2be2ac934e9e92d5fd361e0da4.js?body=1" for ::1 at 2016-01-13 17:40:15 -0500


Started GET "/assets/jquery_ujs.self-d602bdfe68ffc63b9f9cc512872aa3cfff046228a0a36e90dd476e8ef54c1b09.js?body=1" for ::1 at 2016-01-13 17:40:15 -0500


Started GET "/assets/turbolinks.self-c37727e9bd6b2735da5c311aa83fead54ed0be6cc8bd9a65309e9c5abe2cbfff.js?body=1" for ::1 at 2016-01-13 17:40:15 -0500


Started GET "/assets/application.self-e80e8f2318043e8af94dddc2adad5a4f09739a8ebb323b3ab31cd71d45fd9113.css?body=1" for ::1 at 2016-01-13 17:40:15 -0500


Started GET "/assets/welcome.self-877aef30ae1b040ab8a3aba4e3e309a11d7f2612f44dde450b5c157aa5f95c05.js?body=1" for ::1 at 2016-01-13 17:40:15 -0500


Started GET "/assets/application.self-3b8dabdc891efe46b9a144b400ad69e37d7e5876bdc39dee783419a69d7ca819.js?body=1" for ::1 at 2016-01-13 17:40:15 -0500


Started GET "/" for ::1 at 2016-01-13 17:51:29 -0500
Processing by WelcomeController#index as HTML
  Rendered welcome/index.html.erb within layouts/application (1.9ms)
Completed 200 OK in 1007ms (Views: 979.6ms | ActiveRecord: 0.0ms)


Started GET "/assets/application.self-2e8ce12cf0166c14471a28359fca8a7e13029a644490bd6507104a15ed4ba27c.css?body=1" for ::1 at 2016-01-13 17:51:30 -0500


Started GET "/assets/application.self-f8806224e027f3e3f0138ea9ce99319e298dfdb323304d1f1be6eae8e8c74724.js?body=1" for ::1 at 2016-01-13 17:51:30 -0500


Started GET "/assets/turbolinks.self-c37727e9bd6b2735da5c311aa83fead54ed0be6cc8bd9a65309e9c5abe2cbfff.js?body=1" for ::1 at 2016-01-13 17:51:30 -0500


Started GET "/assets/welcome.self-2138d1bc9543e7654524b39e2b639568e1d730bf76596347116ba6a7102f031d.css?body=1" for ::1 at 2016-01-13 17:51:30 -0500


Started GET "/assets/jquery.self-c64a74367bda6ef8b860f19e74df08927ca99d2be2ac934e9e92d5fd361e0da4.js?body=1" for ::1 at 2016-01-13 17:51:30 -0500


Started GET "/assets/jquery_ujs.self-d602bdfe68ffc63b9f9cc512872aa3cfff046228a0a36e90dd476e8ef54c1b09.js?body=1" for ::1 at 2016-01-13 17:51:30 -0500


Started GET "/assets/bootstrap.self-d0e973a52d36a01036265aeefaf2d1ae3499d2cb231a9be3bd846432daf231de.js?body=1" for ::1 at 2016-01-13 17:51:30 -0500


Started GET "/assets/welcome.self-877aef30ae1b040ab8a3aba4e3e309a11d7f2612f44dde450b5c157aa5f95c05.js?body=1" for ::1 at 2016-01-13 17:51:30 -0500


Started GET "/assets/bootstrap" for ::1 at 2016-01-13 17:51:30 -0500


Started GET "/assets/bootstrap-sprckets" for ::1 at 2016-01-13 17:51:30 -0500

ActionController::RoutingError (No route matches [GET] "/assets/bootstrap-sprckets"):
  actionpack (4.2.5) lib/action_dispatch/middleware/debug_exceptions.rb:21:in `call'
  actionpack (4.2.5) lib/action_dispatch/middleware/show_exceptions.rb:30:in `call'
  railties (4.2.5) lib/rails/rack/logger.rb:38:in `call_app'
  railties (4.2.5) lib/rails/rack/logger.rb:20:in `block in call'
  activesupport (4.2.5) lib/active_support/tagged_logging.rb:68:in `block in tagged'
  activesupport (4.2.5) lib/active_support/tagged_logging.rb:26:in `tagged'
  activesupport (4.2.5) lib/active_support/tagged_logging.rb:68:in `tagged'
  railties (4.2.5) lib/rails/rack/logger.rb:20:in `call'
  actionpack (4.2.5) lib/action_dispatch/middleware/request_id.rb:21:in `call'
  rack (1.6.4) lib/rack/methodoverride.rb:22:in `call'
  rack (1.6.4) lib/rack/runtime.rb:18:in `call'
  activesupport (4.2.5) lib/active_support/cache/strategy/local_cache_middleware.rb:28:in `call'
  rack (1.6.4) lib/rack/lock.rb:17:in `call'
  actionpack (4.2.5) lib/action_dispatch/middleware/static.rb:116:in `call'
  rack (1.6.4) lib/rack/sendfile.rb:113:in `call'
  railties (4.2.5) lib/rails/engine.rb:518:in `call'
  railties (4.2.5) lib/rails/application.rb:165:in `call'
  rack (1.6.4) lib/rack/lock.rb:17:in `call'
  rack (1.6.4) lib/rack/content_length.rb:15:in `call'
  rack (1.6.4) lib/rack/handler/webrick.rb:88:in `service'
  /Users/jasonamerine/.rbenv/versions/2.2.2/lib/ruby/2.2.0/webrick/httpserver.rb:138:in `service'
  /Users/jasonamerine/.rbenv/versions/2.2.2/lib/ruby/2.2.0/webrick/httpserver.rb:94:in `run'
  /Users/jasonamerine/.rbenv/versions/2.2.2/lib/ruby/2.2.0/webrick/server.rb:294:in `block in start_thread'


  Rendered /Users/jasonamerine/.rvm/gems/ruby-2.2.1/gems/actionpack-4.2.5/lib/action_dispatch/middleware/templates/rescues/_trace.html.erb (5.2ms)
  Rendered /Users/jasonamerine/.rvm/gems/ruby-2.2.1/gems/actionpack-4.2.5/lib/action_dispatch/middleware/templates/routes/_route.html.erb (1.8ms)
  Rendered /Users/jasonamerine/.rvm/gems/ruby-2.2.1/gems/actionpack-4.2.5/lib/action_dispatch/middleware/templates/routes/_table.html.erb (54.2ms)
  Rendered /Users/jasonamerine/.rvm/gems/ruby-2.2.1/gems/actionpack-4.2.5/lib/action_dispatch/middleware/templates/rescues/_request_and_response.html.erb (4.3ms)
  Rendered /Users/jasonamerine/.rvm/gems/ruby-2.2.1/gems/actionpack-4.2.5/lib/action_dispatch/middleware/templates/rescues/routing_error.html.erb within rescues/layout (198.5ms)


Started GET "/" for ::1 at 2016-01-13 17:52:58 -0500
Processing by WelcomeController#index as HTML
  Rendered welcome/index.html.erb within layouts/application (0.5ms)
Completed 200 OK in 83ms (Views: 82.6ms | ActiveRecord: 0.0ms)


Started GET "/assets/welcome.self-2138d1bc9543e7654524b39e2b639568e1d730bf76596347116ba6a7102f031d.css?body=1" for ::1 at 2016-01-13 17:52:59 -0500


Started GET "/assets/turbolinks.self-c37727e9bd6b2735da5c311aa83fead54ed0be6cc8bd9a65309e9c5abe2cbfff.js?body=1" for ::1 at 2016-01-13 17:52:59 -0500


Started GET "/assets/application.self-2e8ce12cf0166c14471a28359fca8a7e13029a644490bd6507104a15ed4ba27c.css?body=1" for ::1 at 2016-01-13 17:52:59 -0500


Started GET "/assets/jquery.self-c64a74367bda6ef8b860f19e74df08927ca99d2be2ac934e9e92d5fd361e0da4.js?body=1" for ::1 at 2016-01-13 17:52:59 -0500


Started GET "/assets/jquery_ujs.self-d602bdfe68ffc63b9f9cc512872aa3cfff046228a0a36e90dd476e8ef54c1b09.js?body=1" for ::1 at 2016-01-13 17:52:59 -0500


Started GET "/assets/bootstrap.self-d0e973a52d36a01036265aeefaf2d1ae3499d2cb231a9be3bd846432daf231de.js?body=1" for ::1 at 2016-01-13 17:52:59 -0500


Started GET "/assets/application.self-f8806224e027f3e3f0138ea9ce99319e298dfdb323304d1f1be6eae8e8c74724.js?body=1" for ::1 at 2016-01-13 17:52:59 -0500


Started GET "/assets/welcome.self-877aef30ae1b040ab8a3aba4e3e309a11d7f2612f44dde450b5c157aa5f95c05.js?body=1" for ::1 at 2016-01-13 17:52:59 -0500


Started GET "/assets/bootstrap-sprckets" for ::1 at 2016-01-13 17:52:59 -0500

ActionController::RoutingError (No route matches [GET] "/assets/bootstrap-sprckets"):
  actionpack (4.2.5) lib/action_dispatch/middleware/debug_exceptions.rb:21:in `call'
  actionpack (4.2.5) lib/action_dispatch/middleware/show_exceptions.rb:30:in `call'
  railties (4.2.5) lib/rails/rack/logger.rb:38:in `call_app'
  railties (4.2.5) lib/rails/rack/logger.rb:20:in `block in call'
  activesupport (4.2.5) lib/active_support/tagged_logging.rb:68:in `block in tagged'
  activesupport (4.2.5) lib/active_support/tagged_logging.rb:26:in `tagged'
  activesupport (4.2.5) lib/active_support/tagged_logging.rb:68:in `tagged'
  railties (4.2.5) lib/rails/rack/logger.rb:20:in `call'
  actionpack (4.2.5) lib/action_dispatch/middleware/request_id.rb:21:in `call'
  rack (1.6.4) lib/rack/methodoverride.rb:22:in `call'
  rack (1.6.4) lib/rack/runtime.rb:18:in `call'
  activesupport (4.2.5) lib/active_support/cache/strategy/local_cache_middleware.rb:28:in `call'
  rack (1.6.4) lib/rack/lock.rb:17:in `call'
  actionpack (4.2.5) lib/action_dispatch/middleware/static.rb:116:in `call'
  rack (1.6.4) lib/rack/sendfile.rb:113:in `call'
  railties (4.2.5) lib/rails/engine.rb:518:in `call'
  railties (4.2.5) lib/rails/application.rb:165:in `call'
  rack (1.6.4) lib/rack/lock.rb:17:in `call'
  rack (1.6.4) lib/rack/content_length.rb:15:in `call'
  rack (1.6.4) lib/rack/handler/webrick.rb:88:in `service'
  /Users/jasonamerine/.rbenv/versions/2.2.2/lib/ruby/2.2.0/webrick/httpserver.rb:138:in `service'
  /Users/jasonamerine/.rbenv/versions/2.2.2/lib/ruby/2.2.0/webrick/httpserver.rb:94:in `run'
  /Users/jasonamerine/.rbenv/versions/2.2.2/lib/ruby/2.2.0/webrick/server.rb:294:in `block in start_thread'


  Rendered /Users/jasonamerine/.rvm/gems/ruby-2.2.1/gems/actionpack-4.2.5/lib/action_dispatch/middleware/templates/rescues/_trace.html.erb (1.5ms)
  Rendered /Users/jasonamerine/.rvm/gems/ruby-2.2.1/gems/actionpack-4.2.5/lib/action_dispatch/middleware/templates/routes/_route.html.erb (2.0ms)
  Rendered /Users/jasonamerine/.rvm/gems/ruby-2.2.1/gems/actionpack-4.2.5/lib/action_dispatch/middleware/templates/routes/_table.html.erb (1.5ms)
  Rendered /Users/jasonamerine/.rvm/gems/ruby-2.2.1/gems/actionpack-4.2.5/lib/action_dispatch/middleware/templates/rescues/_request_and_response.html.erb (1.3ms)
  Rendered /Users/jasonamerine/.rvm/gems/ruby-2.2.1/gems/actionpack-4.2.5/lib/action_dispatch/middleware/templates/rescues/routing_error.html.erb within rescues/layout (90.5ms)


Started GET "/assets/bootstrap" for ::1 at 2016-01-13 17:52:59 -0500


Started GET "/" for ::1 at 2016-01-13 17:53:09 -0500
Processing by WelcomeController#index as HTML
  Rendered welcome/index.html.erb within layouts/application (0.0ms)
Completed 200 OK in 60ms (Views: 59.9ms | ActiveRecord: 0.0ms)


Started GET "/assets/welcome.self-e3b0c44298fc1c149afbf4c8996fb92427ae41e4649b934ca495991b7852b855.css?body=1" for ::1 at 2016-01-13 17:53:09 -0500


Started GET "/assets/application.self-2e8ce12cf0166c14471a28359fca8a7e13029a644490bd6507104a15ed4ba27c.css?body=1" for ::1 at 2016-01-13 17:53:09 -0500


Started GET "/assets/bootstrap.self-d0e973a52d36a01036265aeefaf2d1ae3499d2cb231a9be3bd846432daf231de.js?body=1" for ::1 at 2016-01-13 17:53:09 -0500


Started GET "/assets/jquery_ujs.self-d602bdfe68ffc63b9f9cc512872aa3cfff046228a0a36e90dd476e8ef54c1b09.js?body=1" for ::1 at 2016-01-13 17:53:09 -0500


Started GET "/assets/turbolinks.self-c37727e9bd6b2735da5c311aa83fead54ed0be6cc8bd9a65309e9c5abe2cbfff.js?body=1" for ::1 at 2016-01-13 17:53:09 -0500


Started GET "/assets/jquery.self-c64a74367bda6ef8b860f19e74df08927ca99d2be2ac934e9e92d5fd361e0da4.js?body=1" for ::1 at 2016-01-13 17:53:09 -0500


Started GET "/assets/welcome.self-877aef30ae1b040ab8a3aba4e3e309a11d7f2612f44dde450b5c157aa5f95c05.js?body=1" for ::1 at 2016-01-13 17:53:09 -0500


Started GET "/assets/application.self-f8806224e027f3e3f0138ea9ce99319e298dfdb323304d1f1be6eae8e8c74724.js?body=1" for ::1 at 2016-01-13 17:53:09 -0500


Started GET "/assets/bootstrap-sprckets" for ::1 at 2016-01-13 17:53:09 -0500

ActionController::RoutingError (No route matches [GET] "/assets/bootstrap-sprckets"):
  actionpack (4.2.5) lib/action_dispatch/middleware/debug_exceptions.rb:21:in `call'
  actionpack (4.2.5) lib/action_dispatch/middleware/show_exceptions.rb:30:in `call'
  railties (4.2.5) lib/rails/rack/logger.rb:38:in `call_app'
  railties (4.2.5) lib/rails/rack/logger.rb:20:in `block in call'
  activesupport (4.2.5) lib/active_support/tagged_logging.rb:68:in `block in tagged'
  activesupport (4.2.5) lib/active_support/tagged_logging.rb:26:in `tagged'
  activesupport (4.2.5) lib/active_support/tagged_logging.rb:68:in `tagged'
  railties (4.2.5) lib/rails/rack/logger.rb:20:in `call'
  actionpack (4.2.5) lib/action_dispatch/middleware/request_id.rb:21:in `call'
  rack (1.6.4) lib/rack/methodoverride.rb:22:in `call'
  rack (1.6.4) lib/rack/runtime.rb:18:in `call'
  activesupport (4.2.5) lib/active_support/cache/strategy/local_cache_middleware.rb:28:in `call'
  rack (1.6.4) lib/rack/lock.rb:17:in `call'
  actionpack (4.2.5) lib/action_dispatch/middleware/static.rb:116:in `call'
  rack (1.6.4) lib/rack/sendfile.rb:113:in `call'
  railties (4.2.5) lib/rails/engine.rb:518:in `call'
  railties (4.2.5) lib/rails/application.rb:165:in `call'
  rack (1.6.4) lib/rack/lock.rb:17:in `call'
  rack (1.6.4) lib/rack/content_length.rb:15:in `call'
  rack (1.6.4) lib/rack/handler/webrick.rb:88:in `service'
  /Users/jasonamerine/.rbenv/versions/2.2.2/lib/ruby/2.2.0/webrick/httpserver.rb:138:in `service'
  /Users/jasonamerine/.rbenv/versions/2.2.2/lib/ruby/2.2.0/webrick/httpserver.rb:94:in `run'
  /Users/jasonamerine/.rbenv/versions/2.2.2/lib/ruby/2.2.0/webrick/server.rb:294:in `block in start_thread'


  Rendered /Users/jasonamerine/.rvm/gems/ruby-2.2.1/gems/actionpack-4.2.5/lib/action_dispatch/middleware/templates/rescues/_trace.html.erb (1.6ms)
  Rendered /Users/jasonamerine/.rvm/gems/ruby-2.2.1/gems/actionpack-4.2.5/lib/action_dispatch/middleware/templates/routes/_route.html.erb (0.8ms)
  Rendered /Users/jasonamerine/.rvm/gems/ruby-2.2.1/gems/actionpack-4.2.5/lib/action_dispatch/middleware/templates/routes/_table.html.erb (1.5ms)
  Rendered /Users/jasonamerine/.rvm/gems/ruby-2.2.1/gems/actionpack-4.2.5/lib/action_dispatch/middleware/templates/rescues/_request_and_response.html.erb (1.2ms)
  Rendered /Users/jasonamerine/.rvm/gems/ruby-2.2.1/gems/actionpack-4.2.5/lib/action_dispatch/middleware/templates/rescues/routing_error.html.erb within rescues/layout (87.0ms)


Started GET "/assets/bootstrap" for ::1 at 2016-01-13 17:53:09 -0500
  [1m[36m (1.3ms)[0m  [1mCREATE TABLE "schema_migrations" ("version" varchar NOT NULL) [0m
  [1m[35m (0.1ms)[0m  select sqlite_version(*)
  [1m[36m (1.3ms)[0m  [1mCREATE UNIQUE INDEX "unique_schema_migrations" ON "schema_migrations" ("version")[0m
  [1m[35mActiveRecord::SchemaMigration Load (0.1ms)[0m  SELECT "schema_migrations".* FROM "schema_migrations"
Migrating to CreatePosts (20160114133603)
  [1m[36m (0.1ms)[0m  [1mbegin transaction[0m
  [1m[35m (0.4ms)[0m  CREATE TABLE "posts" ("id" INTEGER PRIMARY KEY AUTOINCREMENT NOT NULL, "title" varchar, "body" text, "created_at" datetime NOT NULL, "updated_at" datetime NOT NULL) 
  [1m[36mSQL (0.3ms)[0m  [1mINSERT INTO "schema_migrations" ("version") VALUES (?)[0m  [["version", "20160114133603"]]
  [1m[35m (1.3ms)[0m  commit transaction
  [1m[36mActiveRecord::SchemaMigration Load (0.1ms)[0m  [1mSELECT "schema_migrations".* FROM "schema_migrations"[0m
  [1m[36mActiveRecord::SchemaMigration Load (0.5ms)[0m  [1mSELECT "schema_migrations".* FROM "schema_migrations"[0m
Migrating to CreateComments (20160114140724)
  [1m[35m (0.2ms)[0m  begin transaction
  [1m[36m (0.7ms)[0m  [1mCREATE TABLE "comments" ("id" INTEGER PRIMARY KEY AUTOINCREMENT NOT NULL, "body" text, "post_id" integer, "created_at" datetime NOT NULL, "updated_at" datetime NOT NULL) [0m
  [1m[35m (0.1ms)[0m  select sqlite_version(*)
  [1m[36m (0.2ms)[0m  [1mCREATE  INDEX "index_comments_on_post_id" ON "comments" ("post_id")[0m
  [1m[35mSQL (0.3ms)[0m  INSERT INTO "schema_migrations" ("version") VALUES (?)  [["version", "20160114140724"]]
  [1m[36m (1.3ms)[0m  [1mcommit transaction[0m
  [1m[35mActiveRecord::SchemaMigration Load (0.1ms)[0m  SELECT "schema_migrations".* FROM "schema_migrations"
  [1m[36m (0.1ms)[0m  [1m            SELECT sql
            FROM sqlite_master
            WHERE name='index_comments_on_post_id' AND type='index'
            UNION ALL
            SELECT sql
            FROM sqlite_temp_master
            WHERE name='index_comments_on_post_id' AND type='index'
[0m
  [1m[36m (0.1ms)[0m  [1mbegin transaction[0m
  [1m[35mSQL (11.7ms)[0m  INSERT INTO "posts" ("title", "body", "created_at", "updated_at") VALUES (?, ?, ?, ?)  [["title", "First Post"], ["body", "This is the first post in our system"], ["created_at", "2016-01-14 15:15:04.024837"], ["updated_at", "2016-01-14 15:15:04.024837"]]
  [1m[36m (27.1ms)[0m  [1mcommit transaction[0m
  [1m[35mPost Load (0.3ms)[0m  SELECT  "posts".* FROM "posts"  ORDER BY "posts"."id" ASC LIMIT 1
  [1m[36m (0.1ms)[0m  [1mbegin transaction[0m
  [1m[35mSQL (0.9ms)[0m  INSERT INTO "comments" ("body", "post_id", "created_at", "updated_at") VALUES (?, ?, ?, ?)  [["body", "First comment!"], ["post_id", 1], ["created_at", "2016-01-14 15:20:58.859368"], ["updated_at", "2016-01-14 15:20:58.859368"]]
  [1m[36m (7.9ms)[0m  [1mcommit transaction[0m
  [1m[35mComment Load (0.2ms)[0m  SELECT "comments".* FROM "comments" WHERE "comments"."post_id" = ?  [["post_id", 1]]
  [1m[36mComment Load (0.3ms)[0m  [1mSELECT  "comments".* FROM "comments"  ORDER BY "comments"."id" ASC LIMIT 1[0m
  [1m[35m (0.1ms)[0m  begin transaction
  [1m[36mSQL (1.2ms)[0m  [1mINSERT INTO "comments" ("body", "post_id", "created_at", "updated_at") VALUES (?, ?, ?, ?)[0m  [["body", "Second comment!"], ["post_id", 1], ["created_at", "2016-01-14 15:26:14.009808"], ["updated_at", "2016-01-14 15:26:14.009808"]]
  [1m[35m (2.2ms)[0m  commit transaction
  [1m[36mPost Load (0.5ms)[0m  [1mSELECT  "posts".* FROM "posts"  ORDER BY "posts"."id" ASC LIMIT 1[0m
  [1m[35mPost Load (0.3ms)[0m  SELECT  "posts".* FROM "posts"  ORDER BY "posts"."id" ASC LIMIT 1
  [1m[36m (0.1ms)[0m  [1mbegin transaction[0m
  [1m[35mSQL (39.4ms)[0m  UPDATE "posts" SET "title" = ?, "body" = ?, "updated_at" = ? WHERE "posts"."id" = ?  [["title", "my new title"], ["body", "my new body"], ["updated_at", "2016-01-14 15:40:55.537654"], ["id", 1]]
  [1m[36m (1.8ms)[0m  [1mcommit transaction[0m
